frontend/build/app/intermediates/manifest_merge_blame_file/debug/manifest-merger-blame-debug-report.txt
1<?xml version="1.0" encoding="utf-8"?>
2<manifest xmlns:android="http://schemas.android.com/apk/res/android"
3    package="com.example.cdac_design"
4    android:versionCode="1"
5    android:versionName="1.0.0" >
6
7    <uses-sdk
8        android:minSdkVersion="23"
9        android:targetSdkVersion="34" />
10    <!--
11         The INTERNET permission is required for development. Specifically,
12         the Flutter tool needs it to communicate with the running application
13         to allow setting breakpoints, to provide hot reload, etc.
14    -->
15    <uses-permission android:name="android.permission.INTERNET" />
15-->src/debug/AndroidManifest.xml:6:5-66
15-->src/debug/AndroidManifest.xml:6:22-64
16    <uses-permission android:name="android.permission.READ_PHONE_STATE" />
16-->src/main/AndroidManifest.xml:3:5-75
16-->src/main/AndroidManifest.xml:3:22-72
17    <uses-permission android:name="android.permission.READ_CALL_LOG" />
17-->src/main/AndroidManifest.xml:4:5-72
17-->src/main/AndroidManifest.xml:4:22-69
18    <uses-permission android:name="android.permission.READ_CONTACTS" />
18-->src/main/AndroidManifest.xml:5:5-72
18-->src/main/AndroidManifest.xml:5:22-69
19    <uses-permission android:name="android.permission.WRITE_CONTACTS" />
19-->src/main/AndroidManifest.xml:6:5-73
19-->src/main/AndroidManifest.xml:6:22-70
20    <uses-permission android:name="android.permission.RECEIVE_BOOT_COMPLETED" />
20-->src/main/AndroidManifest.xml:7:5-81
20-->src/main/AndroidManifest.xml:7:22-78
21    <uses-permission android:name="android.permission.FOREGROUND_SERVICE" />
21-->src/main/AndroidManifest.xml:8:5-77
21-->src/main/AndroidManifest.xml:8:22-74
22    <uses-permission android:name="android.permission.READ_PHONE_NUMBERS" />
22-->src/main/AndroidManifest.xml:9:5-77
22-->src/main/AndroidManifest.xml:9:22-74
23    <uses-permission android:name="android.permission.SYSTEM_ALERT_WINDOW" />
23-->src/main/AndroidManifest.xml:10:5-78
23-->src/main/AndroidManifest.xml:10:22-75
24    <uses-permission android:name="android.permission.FOREGROUND_SERVICE" />
24-->src/main/AndroidManifest.xml:8:5-77
24-->src/main/AndroidManifest.xml:8:22-74
25    <uses-permission android:name="android.permission.FOREGROUND_SERVICE_SPECIAL_USE" />
25-->src/main/AndroidManifest.xml:12:5-89
25-->src/main/AndroidManifest.xml:12:22-86
26
27    <queries>
27-->src/main/AndroidManifest.xml:58:5-63:15
28        <intent>
28-->src/main/AndroidManifest.xml:59:9-62:18
29            <action android:name="android.intent.action.PROCESS_TEXT" />
29-->src/main/AndroidManifest.xml:60:13-72
29-->src/main/AndroidManifest.xml:60:21-70
30
31            <data android:mimeType="text/plain" />
31-->src/main/AndroidManifest.xml:61:13-50
31-->src/main/AndroidManifest.xml:61:19-48
32        </intent>
33        <intent>
33-->[:contacts_service] AndroidManifest.xml:10:9-12:18
34            <action android:name="android.accounts.AccountAuthenticator" />
34-->[:contacts_service] AndroidManifest.xml:11:13-76
34-->[:contacts_service] AndroidManifest.xml:11:21-73
35        </intent> <!-- Allows the app to load an icon corresponding to the custom MIME type. -->
36        <intent>
36-->[:contacts_service] AndroidManifest.xml:14:9-21:18
37            <action android:name="android.intent.action.VIEW" />
37-->[:contacts_service] AndroidManifest.xml:15:13-65
37-->[:contacts_service] AndroidManifest.xml:15:21-62
38
39            <data
39-->src/main/AndroidManifest.xml:61:13-50
40                android:host="com.android.contacts"
41                android:mimeType="vnd.android.cursor.item/*"
41-->src/main/AndroidManifest.xml:61:19-48
42                android:scheme="content" />
43        </intent>
44        <intent>
44-->[:file_picker] AndroidManifest.xml:14:9-18:18
45            <action android:name="android.intent.action.GET_CONTENT" />
45-->[:file_picker] AndroidManifest.xml:15:13-72
45-->[:file_picker] AndroidManifest.xml:15:21-69
46
47            <data android:mimeType="*/*" />
47-->src/main/AndroidManifest.xml:61:13-50
47-->src/main/AndroidManifest.xml:61:19-48
48        </intent>
49    </queries>
50
51    <uses-permission
51-->[:file_picker] AndroidManifest.xml:9:5-11:38
52        android:name="android.permission.READ_EXTERNAL_STORAGE"
52-->[:file_picker] AndroidManifest.xml:10:9-64
53        android:maxSdkVersion="32" />
53-->[:file_picker] AndroidManifest.xml:11:9-35
54    <uses-permission android:name="android.permission.VIBRATE" />
54-->[:flutter_local_notifications] AndroidManifest.xml:9:5-66
54-->[:flutter_local_notifications] AndroidManifest.xml:9:22-63
55    <uses-permission android:name="android.permission.POST_NOTIFICATIONS" />
55-->[:flutter_local_notifications] AndroidManifest.xml:10:5-77
55-->[:flutter_local_notifications] AndroidManifest.xml:10:22-74
56    <uses-permission android:name="android.permission.WAKE_LOCK" />
56-->[:flutter_overlay_window] AndroidManifest.xml:10:5-68
56-->[:flutter_overlay_window] AndroidManifest.xml:10:22-65
57    <uses-permission android:name="android.permission.ACCESS_NETWORK_STATE" />
57-->[com.google.firebase:firebase-auth:23.0.0] AndroidManifest.xml:26:5-79
57-->[com.google.firebase:firebase-auth:23.0.0] AndroidManifest.xml:26:22-76
58    <uses-permission android:name="com.google.android.providers.gsf.permission.READ_GSERVICES" />
58-->[com.google.android.recaptcha:recaptcha:18.4.0] AndroidManifest.xml:9:5-98
58-->[com.google.android.recaptcha:recaptcha:18.4.0] AndroidManifest.xml:9:22-95
59
60    <permission
60-->[androidx.core:core:1.13.1] AndroidManifest.xml:22:5-24:47
61        android:name="com.example.cdac_design.DYNAMIC_RECEIVER_NOT_EXPORTED_PERMISSION"
61-->[androidx.core:core:1.13.1] AndroidManifest.xml:23:9-81
62        android:protectionLevel="signature" />
62-->[androidx.core:core:1.13.1] AndroidManifest.xml:24:9-44
63
64    <uses-permission android:name="com.example.cdac_design.DYNAMIC_RECEIVER_NOT_EXPORTED_PERMISSION" />
64-->[androidx.core:core:1.13.1] AndroidManifest.xml:26:5-97
64-->[androidx.core:core:1.13.1] AndroidManifest.xml:26:22-94
65
66    <application
67        android:name="android.app.Application"
68        android:appComponentFactory="androidx.core.app.CoreComponentFactory"
68-->[androidx.core:core:1.13.1] AndroidManifest.xml:28:18-86
69        android:debuggable="true"
70        android:extractNativeLibs="false"
71        android:icon="@mipmap/ic_launcher"
72        android:label="cdac_design" >
73        <activity
74            android:name="com.example.cdac_design.MainActivity"
75            android:configChanges="orientation|keyboardHidden|keyboard|screenSize|smallestScreenSize|locale|layoutDirection|fontScale|screenLayout|density|uiMode"
76            android:exported="true"
77            android:hardwareAccelerated="true"
78            android:launchMode="singleTop"
79            android:taskAffinity=""
80            android:theme="@style/LaunchTheme"
81            android:windowSoftInputMode="adjustResize" >
82            <meta-data
83                android:name="io.flutter.embedding.android.NormalTheme"
84                android:resource="@style/NormalTheme" />
85
86            <intent-filter>
87                <action android:name="android.intent.action.MAIN" />
88
89                <category android:name="android.intent.category.LAUNCHER" />
90            </intent-filter>
91        </activity>
92
93        <receiver
94            android:name="me.sodipto.phone_state_background.PhoneStateBackgroundServiceReceiver"
95            android:exported="false" >
96            <intent-filter>
97                <action android:name="android.intent.action.PHONE_STATE" />
98            </intent-filter>
99        </receiver>
100
101        <meta-data
102            android:name="flutterEmbedding"
103            android:value="2" />
104
105        <service
106            android:name="flutter.overlay.window.flutter_overlay_window.OverlayService"
107            android:exported="false"
108            android:foregroundServiceType="specialUse" >
109            <property
110                android:name="android.app.PROPERTY_SPECIAL_USE_FGS_SUBTYPE"
111                android:value="explanation_for_special_use" />
112        </service>
113        <service
113-->[:firebase_auth] AndroidManifest.xml:10:9-14:19
114            android:name="com.google.firebase.components.ComponentDiscoveryService"
114-->[:firebase_auth] AndroidManifest.xml:10:18-89
115            android:directBootAware="true"
115-->[com.google.firebase:firebase-common:21.0.0] AndroidManifest.xml:32:13-43
116            android:exported="false" >
116-->[com.google.firebase:firebase-auth:23.0.0] AndroidManifest.xml:68:13-37
117            <meta-data
117-->[:firebase_auth] AndroidManifest.xml:11:13-13:85
118                android:name="com.google.firebase.components:io.flutter.plugins.firebase.auth.FlutterFirebaseAuthRegistrar"
118-->[:firebase_auth] AndroidManifest.xml:12:17-124
119                android:value="com.google.firebase.components.ComponentRegistrar" />
119-->[:firebase_auth] AndroidManifest.xml:13:17-82
120            <meta-data
120-->[:firebase_core] AndroidManifest.xml:11:13-13:85
121                android:name="com.google.firebase.components:io.flutter.plugins.firebase.core.FlutterFirebaseCoreRegistrar"
121-->[:firebase_core] AndroidManifest.xml:12:17-124
122                android:value="com.google.firebase.components.ComponentRegistrar" />
122-->[:firebase_core] AndroidManifest.xml:13:17-82
123            <meta-data
123-->[com.google.firebase:firebase-auth:23.0.0] AndroidManifest.xml:69:13-71:85
124                android:name="com.google.firebase.components:com.google.firebase.auth.FirebaseAuthRegistrar"
124-->[com.google.firebase:firebase-auth:23.0.0] AndroidManifest.xml:70:17-109
125                android:value="com.google.firebase.components.ComponentRegistrar" />
125-->[com.google.firebase:firebase-auth:23.0.0] AndroidManifest.xml:71:17-82
126            <meta-data
126-->[com.google.firebase:firebase-common-ktx:21.0.0] AndroidManifest.xml:12:13-14:85
127                android:name="com.google.firebase.components:com.google.firebase.ktx.FirebaseCommonLegacyRegistrar"
127-->[com.google.firebase:firebase-common-ktx:21.0.0] AndroidManifest.xml:13:17-116
128                android:value="com.google.firebase.components.ComponentRegistrar" />
128-->[com.google.firebase:firebase-common-ktx:21.0.0] AndroidManifest.xml:14:17-82
129            <meta-data
129-->[com.google.firebase:firebase-common:21.0.0] AndroidManifest.xml:35:13-37:85
130                android:name="com.google.firebase.components:com.google.firebase.FirebaseCommonKtxRegistrar"
130-->[com.google.firebase:firebase-common:21.0.0] AndroidManifest.xml:36:17-109
131                android:value="com.google.firebase.components.ComponentRegistrar" />
131-->[com.google.firebase:firebase-common:21.0.0] AndroidManifest.xml:37:17-82
132        </service>
133
134        <activity
134-->[com.google.firebase:firebase-auth:23.0.0] AndroidManifest.xml:29:9-46:20
135            android:name="com.google.firebase.auth.internal.GenericIdpActivity"
135-->[com.google.firebase:firebase-auth:23.0.0] AndroidManifest.xml:30:13-80
136            android:excludeFromRecents="true"
136-->[com.google.firebase:firebase-auth:23.0.0] AndroidManifest.xml:31:13-46
137            android:exported="true"
137-->[com.google.firebase:firebase-auth:23.0.0] AndroidManifest.xml:32:13-36
138            android:launchMode="singleTask"
138-->[com.google.firebase:firebase-auth:23.0.0] AndroidManifest.xml:33:13-44
139            android:theme="@android:style/Theme.Translucent.NoTitleBar" >
139-->[com.google.firebase:firebase-auth:23.0.0] AndroidManifest.xml:34:13-72
140            <intent-filter>
140-->[com.google.firebase:firebase-auth:23.0.0] AndroidManifest.xml:35:13-45:29
141                <action android:name="android.intent.action.VIEW" />
141-->[:contacts_service] AndroidManifest.xml:15:13-65
141-->[:contacts_service] AndroidManifest.xml:15:21-62
142
143                <category android:name="android.intent.category.DEFAULT" />
143-->[com.google.firebase:firebase-auth:23.0.0] AndroidManifest.xml:38:17-76
143-->[com.google.firebase:firebase-auth:23.0.0] AndroidManifest.xml:38:27-73
144                <category android:name="android.intent.category.BROWSABLE" />
144-->[com.google.firebase:firebase-auth:23.0.0] AndroidManifest.xml:39:17-78
144-->[com.google.firebase:firebase-auth:23.0.0] AndroidManifest.xml:39:27-75
145
146                <data
146-->src/main/AndroidManifest.xml:61:13-50
147                    android:host="firebase.auth"
148                    android:path="/"
149                    android:scheme="genericidp" />
150            </intent-filter>
151        </activity>
152        <activity
152-->[com.google.firebase:firebase-auth:23.0.0] AndroidManifest.xml:47:9-64:20
153            android:name="com.google.firebase.auth.internal.RecaptchaActivity"
153-->[com.google.firebase:firebase-auth:23.0.0] AndroidManifest.xml:48:13-79
154            android:excludeFromRecents="true"
154-->[com.google.firebase:firebase-auth:23.0.0] AndroidManifest.xml:49:13-46
155            android:exported="true"
155-->[com.google.firebase:firebase-auth:23.0.0] AndroidManifest.xml:50:13-36
156            android:launchMode="singleTask"
156-->[com.google.firebase:firebase-auth:23.0.0] AndroidManifest.xml:51:13-44
157            android:theme="@android:style/Theme.Translucent.NoTitleBar" >
157-->[com.google.firebase:firebase-auth:23.0.0] AndroidManifest.xml:52:13-72
158            <intent-filter>
158-->[com.google.firebase:firebase-auth:23.0.0] AndroidManifest.xml:53:13-63:29
159                <action android:name="android.intent.action.VIEW" />
159-->[:contacts_service] AndroidManifest.xml:15:13-65
159-->[:contacts_service] AndroidManifest.xml:15:21-62
160
161                <category android:name="android.intent.category.DEFAULT" />
161-->[com.google.firebase:firebase-auth:23.0.0] AndroidManifest.xml:38:17-76
161-->[com.google.firebase:firebase-auth:23.0.0] AndroidManifest.xml:38:27-73
162                <category android:name="android.intent.category.BROWSABLE" />
162-->[com.google.firebase:firebase-auth:23.0.0] AndroidManifest.xml:39:17-78
162-->[com.google.firebase:firebase-auth:23.0.0] AndroidManifest.xml:39:27-75
163
164                <data
164-->src/main/AndroidManifest.xml:61:13-50
165                    android:host="firebase.auth"
166                    android:path="/"
167                    android:scheme="recaptcha" />
168            </intent-filter>
169        </activity>
170
171        <service
171-->[androidx.credentials:credentials-play-services-auth:1.2.0-rc01] AndroidManifest.xml:24:9-32:19
172            android:name="androidx.credentials.playservices.CredentialProviderMetadataHolder"
172-->[androidx.credentials:credentials-play-services-auth:1.2.0-rc01] AndroidManifest.xml:25:13-94
173            android:enabled="true"
173-->[androidx.credentials:credentials-play-services-auth:1.2.0-rc01] AndroidManifest.xml:26:13-35
174            android:exported="false" >
174-->[androidx.credentials:credentials-play-services-auth:1.2.0-rc01] AndroidManifest.xml:27:13-37
175            <meta-data
175-->[androidx.credentials:credentials-play-services-auth:1.2.0-rc01] AndroidManifest.xml:29:13-31:104
176                android:name="androidx.credentials.CREDENTIAL_PROVIDER_KEY"
176-->[androidx.credentials:credentials-play-services-auth:1.2.0-rc01] AndroidManifest.xml:30:17-76
177                android:value="androidx.credentials.playservices.CredentialProviderPlayServicesImpl" />
177-->[androidx.credentials:credentials-play-services-auth:1.2.0-rc01] AndroidManifest.xml:31:17-101
178        </service>
179
180        <activity
180-->[androidx.credentials:credentials-play-services-auth:1.2.0-rc01] AndroidManifest.xml:34:9-41:20
181            android:name="androidx.credentials.playservices.HiddenActivity"
181-->[androidx.credentials:credentials-play-services-auth:1.2.0-rc01] AndroidManifest.xml:35:13-76
182            android:configChanges="orientation|screenSize|screenLayout|keyboardHidden"
182-->[androidx.credentials:credentials-play-services-auth:1.2.0-rc01] AndroidManifest.xml:36:13-87
183            android:enabled="true"
183-->[androidx.credentials:credentials-play-services-auth:1.2.0-rc01] AndroidManifest.xml:37:13-35
184            android:exported="false"
184-->[androidx.credentials:credentials-play-services-auth:1.2.0-rc01] AndroidManifest.xml:38:13-37
185            android:fitsSystemWindows="true"
185-->[androidx.credentials:credentials-play-services-auth:1.2.0-rc01] AndroidManifest.xml:39:13-45
186            android:theme="@style/Theme.Hidden" >
186-->[androidx.credentials:credentials-play-services-auth:1.2.0-rc01] AndroidManifest.xml:40:13-48
187        </activity>
188
189        <uses-library
189-->[androidx.window:window:1.2.0] AndroidManifest.xml:23:9-25:40
190            android:name="androidx.window.extensions"
190-->[androidx.window:window:1.2.0] AndroidManifest.xml:24:13-54
191            android:required="false" />
191-->[androidx.window:window:1.2.0] AndroidManifest.xml:25:13-37
192        <uses-library
192-->[androidx.window:window:1.2.0] AndroidManifest.xml:26:9-28:40
193            android:name="androidx.window.sidecar"
193-->[androidx.window:window:1.2.0] AndroidManifest.xml:27:13-51
194            android:required="false" />
194-->[androidx.window:window:1.2.0] AndroidManifest.xml:28:13-37
195
196        <provider
196-->[com.google.firebase:firebase-common:21.0.0] AndroidManifest.xml:23:9-28:39
197            android:name="com.google.firebase.provider.FirebaseInitProvider"
197-->[com.google.firebase:firebase-common:21.0.0] AndroidManifest.xml:24:13-77
198            android:authorities="com.example.cdac_design.firebaseinitprovider"
198-->[com.google.firebase:firebase-common:21.0.0] AndroidManifest.xml:25:13-72
199            android:directBootAware="true"
199-->[com.google.firebase:firebase-common:21.0.0] AndroidManifest.xml:26:13-43
200            android:exported="false"
200-->[com.google.firebase:firebase-common:21.0.0] AndroidManifest.xml:27:13-37
201            android:initOrder="100" />
201-->[com.google.firebase:firebase-common:21.0.0] AndroidManifest.xml:28:13-36
202
203        <activity
203-->[com.google.android.gms:play-services-auth:20.7.0] AndroidManifest.xml:23:9-27:75
204            android:name="com.google.android.gms.auth.api.signin.internal.SignInHubActivity"
204-->[com.google.android.gms:play-services-auth:20.7.0] AndroidManifest.xml:24:13-93
205            android:excludeFromRecents="true"
205-->[com.google.android.gms:play-services-auth:20.7.0] AndroidManifest.xml:25:13-46
206            android:exported="false"
206-->[com.google.android.gms:play-services-auth:20.7.0] AndroidManifest.xml:26:13-37
207            android:theme="@android:style/Theme.Translucent.NoTitleBar" />
207-->[com.google.android.gms:play-services-auth:20.7.0] AndroidManifest.xml:27:13-72
208        <!--
209            Service handling Google Sign-In user revocation. For apps that do not integrate with
210            Google Sign-In, this service will never be started.
211        -->
212        <service
212-->[com.google.android.gms:play-services-auth:20.7.0] AndroidManifest.xml:33:9-37:51
213            android:name="com.google.android.gms.auth.api.signin.RevocationBoundService"
213-->[com.google.android.gms:play-services-auth:20.7.0] AndroidManifest.xml:34:13-89
214            android:exported="true"
214-->[com.google.android.gms:play-services-auth:20.7.0] AndroidManifest.xml:35:13-36
215            android:permission="com.google.android.gms.auth.api.signin.permission.REVOCATION_NOTIFICATION"
215-->[com.google.android.gms:play-services-auth:20.7.0] AndroidManifest.xml:36:13-107
216            android:visibleToInstantApps="true" />
216-->[com.google.android.gms:play-services-auth:20.7.0] AndroidManifest.xml:37:13-48
217
218        <activity
218-->[com.google.android.gms:play-services-base:18.0.1] AndroidManifest.xml:20:9-22:45
219            android:name="com.google.android.gms.common.api.GoogleApiActivity"
219-->[com.google.android.gms:play-services-base:18.0.1] AndroidManifest.xml:20:19-85
220            android:exported="false"
220-->[com.google.android.gms:play-services-base:18.0.1] AndroidManifest.xml:22:19-43
221            android:theme="@android:style/Theme.Translucent.NoTitleBar" />
221-->[com.google.android.gms:play-services-base:18.0.1] AndroidManifest.xml:21:19-78
222
223        <provider
223-->[androidx.lifecycle:lifecycle-process:2.7.0] AndroidManifest.xml:24:9-32:20
224            android:name="androidx.startup.InitializationProvider"
224-->[androidx.lifecycle:lifecycle-process:2.7.0] AndroidManifest.xml:25:13-67
225            android:authorities="com.example.cdac_design.androidx-startup"
225-->[androidx.lifecycle:lifecycle-process:2.7.0] AndroidManifest.xml:26:13-68
226            android:exported="false" >
226-->[androidx.lifecycle:lifecycle-process:2.7.0] AndroidManifest.xml:27:13-37
227            <meta-data
227-->[androidx.lifecycle:lifecycle-process:2.7.0] AndroidManifest.xml:29:13-31:52
228                android:name="androidx.lifecycle.ProcessLifecycleInitializer"
228-->[androidx.lifecycle:lifecycle-process:2.7.0] AndroidManifest.xml:30:17-78
229                android:value="androidx.startup" />
229-->[androidx.lifecycle:lifecycle-process:2.7.0] AndroidManifest.xml:31:17-49
230            <meta-data
230-->[androidx.profileinstaller:profileinstaller:1.3.1] AndroidManifest.xml:29:13-31:52
231                android:name="androidx.profileinstaller.ProfileInstallerInitializer"
231-->[androidx.profileinstaller:profileinstaller:1.3.1] AndroidManifest.xml:30:17-85
232                android:value="androidx.startup" />
232-->[androidx.profileinstaller:profileinstaller:1.3.1] AndroidManifest.xml:31:17-49
233        </provider>
234
235        <meta-data
235-->[com.google.android.gms:play-services-basement:18.3.0] AndroidManifest.xml:21:9-23:69
236            android:name="com.google.android.gms.version"
236-->[com.google.android.gms:play-services-basement:18.3.0] AndroidManifest.xml:22:13-58
237            android:value="@integer/google_play_services_version" />
237-->[com.google.android.gms:play-services-basement:18.3.0] AndroidManifest.xml:23:13-66
238
239        <receiver
239-->[androidx.profileinstaller:profileinstaller:1.3.1] AndroidManifest.xml:34:9-52:20
240            android:name="androidx.profileinstaller.ProfileInstallReceiver"
240-->[androidx.profileinstaller:profileinstaller:1.3.1] AndroidManifest.xml:35:13-76
241            android:directBootAware="false"
241-->[androidx.profileinstaller:profileinstaller:1.3.1] AndroidManifest.xml:36:13-44
242            android:enabled="true"
242-->[androidx.profileinstaller:profileinstaller:1.3.1] AndroidManifest.xml:37:13-35
243            android:exported="true"
243-->[androidx.profileinstaller:profileinstaller:1.3.1] AndroidManifest.xml:38:13-36
244            android:permission="android.permission.DUMP" >
244-->[androidx.profileinstaller:profileinstaller:1.3.1] AndroidManifest.xml:39:13-57
245            <intent-filter>
245-->[androidx.profileinstaller:profileinstaller:1.3.1] AndroidManifest.xml:40:13-42:29
246                <action android:name="androidx.profileinstaller.action.INSTALL_PROFILE" />
246-->[androidx.profileinstaller:profileinstaller:1.3.1] AndroidManifest.xml:41:17-91
246-->[androidx.profileinstaller:profileinstaller:1.3.1] AndroidManifest.xml:41:25-88
247            </intent-filter>
248            <intent-filter>
248-->[androidx.profileinstaller:profileinstaller:1.3.1] AndroidManifest.xml:43:13-45:29
249                <action android:name="androidx.profileinstaller.action.SKIP_FILE" />
249-->[androidx.profileinstaller:profileinstaller:1.3.1] AndroidManifest.xml:44:17-85
249-->[androidx.profileinstaller:profileinstaller:1.3.1] AndroidManifest.xml:44:25-82
250            </intent-filter>
251            <intent-filter>
251-->[androidx.profileinstaller:profileinstaller:1.3.1] AndroidManifest.xml:46:13-48:29
252                <action android:name="androidx.profileinstaller.action.SAVE_PROFILE" />
252-->[androidx.profileinstaller:profileinstaller:1.3.1] AndroidManifest.xml:47:17-88
252-->[androidx.profileinstaller:profileinstaller:1.3.1] AndroidManifest.xml:47:25-85
253            </intent-filter>
254            <intent-filter>
254-->[androidx.profileinstaller:profileinstaller:1.3.1] AndroidManifest.xml:49:13-51:29
255                <action android:name="androidx.profileinstaller.action.BENCHMARK_OPERATION" />
255-->[androidx.profileinstaller:profileinstaller:1.3.1] AndroidManifest.xml:50:17-95
255-->[androidx.profileinstaller:profileinstaller:1.3.1] AndroidManifest.xml:50:25-92
256            </intent-filter>
257        </receiver>
258    </application>
259
260</manifest>